<?xml version="1.0" encoding="UTF-8"?>
<testsuite xmlns:xsi="http://www.w3.org/2001/XMLSchema-instance" xsi:noNamespaceSchemaLocation="https://maven.apache.org/surefire/maven-surefire-plugin/xsd/surefire-test-report.xsd" name="TestSuite" time="115.158" tests="9" errors="0" skipped="5" failures="4">
  <properties>
[...]
</properties>
  <testcase name="loginTest" classname="com.axelerant.Assignment1Test" time="16.204">
    <failure message="no such element: Unable to locate element: {&quot;method&quot;:&quot;link text&quot;,&quot;selector&quot;:&quot;Open New Account&quot;}&#10;  (Session info: chrome=91.0.4472.77)&#10;For documentation on this error, please visit: http://seleniumhq.org/exceptions/no_such_element.html&#10;Build info: version: &apos;3.14.0&apos;, revision: &apos;aacccce0&apos;, time: &apos;2018-08-02T20:19:58.91Z&apos;&#10;System info: host: &apos;INADMYDOSHI1.local&apos;, ip: &apos;fe80:0:0:0:101f:1e64:8124:ebce%en0&apos;, os.name: &apos;Mac OS X&apos;, os.arch: &apos;x86_64&apos;, os.version: &apos;10.15.7&apos;, java.version: &apos;1.8.0_261&apos;&#10;Driver info: org.openqa.selenium.chrome.ChromeDriver&#10;Capabilities {acceptInsecureCerts: false, browserName: chrome, browserVersion: 91.0.4472.77, chrome: {chromedriverVersion: 91.0.4472.19 (1bf021f248676..., userDataDir: /var/folders/yx/z7hkzxmd31j...}, goog:chromeOptions: {debuggerAddress: localhost:60753}, javascriptEnabled: true, networkConnectionEnabled: false, pageLoadStrategy: normal, platform: MAC, platformName: MAC, proxy: Proxy(), setWindowRect: true, strictFileInteractability: false, timeouts: {implicit: 0, pageLoad: 300000, script: 30000}, unhandledPromptBehavior: dismiss and notify, webauthn:extension:largeBlob: true, webauthn:virtualAuthenticators: true}&#10;Session ID: 616a670c532c7f3c7dc2165be4dd7862&#10;*** Element info: {Using=link text, value=Open New Account}" type="org.openqa.selenium.NoSuchElementException">org.openqa.selenium.NoSuchElementException: 
no such element: Unable to locate element: {"method":"link text","selector":"Open New Account"}
  (Session info: chrome=91.0.4472.77)
For documentation on this error, please visit: http://seleniumhq.org/exceptions/no_such_element.html
Build info: version: '3.14.0', revision: 'aacccce0', time: '2018-08-02T20:19:58.91Z'
System info: host: 'INADMYDOSHI1.local', ip: 'fe80:0:0:0:101f:1e64:8124:ebce%en0', os.name: 'Mac OS X', os.arch: 'x86_64', os.version: '10.15.7', java.version: '1.8.0_261'
Driver info: org.openqa.selenium.chrome.ChromeDriver
Capabilities {acceptInsecureCerts: false, browserName: chrome, browserVersion: 91.0.4472.77, chrome: {chromedriverVersion: 91.0.4472.19 (1bf021f248676..., userDataDir: /var/folders/yx/z7hkzxmd31j...}, goog:chromeOptions: {debuggerAddress: localhost:60753}, javascriptEnabled: true, networkConnectionEnabled: false, pageLoadStrategy: normal, platform: MAC, platformName: MAC, proxy: Proxy(), setWindowRect: true, strictFileInteractability: false, timeouts: {implicit: 0, pageLoad: 300000, script: 30000}, unhandledPromptBehavior: dismiss and notify, webauthn:extension:largeBlob: true, webauthn:virtualAuthenticators: true}
Session ID: 616a670c532c7f3c7dc2165be4dd7862
*** Element info: {Using=link text, value=Open New Account}
	at com.axelerant.Assignment1Test.loginTest(Assignment1Test.java:59)
</failure>
    <system-out><![CDATA[2021-06-07 02:04:51 INFO  Assignment2Test:37 - api url is https://parabank.parasoft.com
]]></system-out>
    <system-err><![CDATA[SLF4J: Failed to load class "org.slf4j.impl.StaticLoggerBinder".
SLF4J: Defaulting to no-operation (NOP) logger implementation
SLF4J: See http://www.slf4j.org/codes.html#StaticLoggerBinder for further details.
Starting ChromeDriver 91.0.4472.19 (1bf021f248676a0b2ab3ee0561d83a59e424c23e-refs/branch-heads/4472@{#288}) on port 5921
Only local connections are allowed.
Please see https://chromedriver.chromium.org/security-considerations for suggestions on keeping ChromeDriver safe.
ChromeDriver was started successfully.
Jun 07, 2021 2:03:34 AM org.openqa.selenium.remote.ProtocolHandshake createSession
INFO: Detected dialect: W3C
]]></system-err>
  </testcase>
  <testcase name="verifyNewAccountOpening_TC001" classname="com.axelerant.Assignment1Test" time="0">
    <skipped message="Method Assignment1Test.verifyNewAccountOpening_TC001(java.lang.String)[pri:0, instance:com.axelerant.Assignment1Test@4566e5bd] depends on not successfully finished methods"/>
  </testcase>
  <testcase name="verifyNewlyCreatedAccountDetails_TC002" classname="com.axelerant.Assignment1Test" time="0">
    <skipped message="Method Assignment1Test.verifyNewlyCreatedAccountDetails_TC002(int, java.lang.String)[pri:0, instance:com.axelerant.Assignment1Test@4566e5bd] depends on not successfully finished methods"/>
  </testcase>
  <testcase name="paymentTransferAndVerifyTransactionDetails_TC003_001" classname="com.axelerant.Assignment1Test" time="0">
    <skipped message="Method Assignment1Test.paymentTransferAndVerifyTransactionDetails_TC003_001()[pri:0, instance:com.axelerant.Assignment1Test@4566e5bd] depends on not successfully finished methods"/>
  </testcase>
  <testcase name="paymentTransferAndVerifyTransactionDetails_TC003_002" classname="com.axelerant.Assignment1Test" time="0">
    <skipped message="Method Assignment1Test.paymentTransferAndVerifyTransactionDetails_TC003_002(int, java.lang.String)[pri:0, instance:com.axelerant.Assignment1Test@4566e5bd] depends on not successfully finished methods"/>
  </testcase>
  <testcase name="createAccount" classname="com.axelerant.Assignment2Test" time="5.431">
    <failure type="java.lang.NullPointerException">java.lang.NullPointerException
	at com.axelerant.Assignment2Test.createAccount(Assignment2Test.java:62)
</failure>
    <system-out><![CDATA[2021-06-07 02:05:08 INFO  Assignment2Test:49 - Verifying User is able to Create New Account
Request method:	POST
Request URI:	https://parabank.parasoft.com/parabank/services_proxy/bank/createAccount?customerId=12212&newAccountType=0&fromAccountId=12345
Proxy:			<none>
Request params:	<none>
Query params:	<none>
Form params:	<none>
Path params:	<none>
Headers:		authority=parabank.parasoft.com
				accept=application/json, text/plain, */*
				sec-ch-ua-mobile=?0
				origin=https://parabank.parasoft.com
				cookie=JSESSIONID=45561E68B493CBB0CA1E2A2FF83BF679
				Content-Type=application/json;charset=UTF-8
Cookies:		<none>
Multiparts:		<none>
Body:
2021-06-07 02:05:13 INFO  Assignment2Test:60 - Account Created Details id=null And Balance= null And Type=null
]]></system-out>
  </testcase>
  <testcase name="createAccount" classname="com.axelerant.Assignment2Test" time="2.443">
    <failure type="java.lang.NullPointerException">java.lang.NullPointerException
	at com.axelerant.Assignment2Test.createAccount(Assignment2Test.java:62)
</failure>
    <system-out><![CDATA[2021-06-07 02:05:13 INFO  Assignment2Test:49 - Verifying User is able to Create New Account
Request method:	POST
Request URI:	https://parabank.parasoft.com/parabank/services_proxy/bank/createAccount?customerId=12212&newAccountType=1&fromAccountId=12345
Proxy:			<none>
Request params:	<none>
Query params:	<none>
Form params:	<none>
Path params:	<none>
Headers:		authority=parabank.parasoft.com
				accept=application/json, text/plain, */*
				sec-ch-ua-mobile=?0
				origin=https://parabank.parasoft.com
				cookie=JSESSIONID=45561E68B493CBB0CA1E2A2FF83BF679
				Content-Type=application/json;charset=UTF-8
Cookies:		<none>
Multiparts:		<none>
Body:
2021-06-07 02:05:16 INFO  Assignment2Test:60 - Account Created Details id=null And Balance= null And Type=null
]]></system-out>
  </testcase>
  <testcase name="afterTest" classname="com.axelerant.Assignment1Test" time="12.723">
    <failure message="no such element: Unable to locate element: {&quot;method&quot;:&quot;link text&quot;,&quot;selector&quot;:&quot;Log Out&quot;}&#10;  (Session info: chrome=91.0.4472.77)&#10;For documentation on this error, please visit: http://seleniumhq.org/exceptions/no_such_element.html&#10;Build info: version: &apos;3.14.0&apos;, revision: &apos;aacccce0&apos;, time: &apos;2018-08-02T20:19:58.91Z&apos;&#10;System info: host: &apos;INADMYDOSHI1.local&apos;, ip: &apos;fe80:0:0:0:101f:1e64:8124:ebce%en0&apos;, os.name: &apos;Mac OS X&apos;, os.arch: &apos;x86_64&apos;, os.version: &apos;10.15.7&apos;, java.version: &apos;1.8.0_261&apos;&#10;Driver info: org.openqa.selenium.chrome.ChromeDriver&#10;Capabilities {acceptInsecureCerts: false, browserName: chrome, browserVersion: 91.0.4472.77, chrome: {chromedriverVersion: 91.0.4472.19 (1bf021f248676..., userDataDir: /var/folders/yx/z7hkzxmd31j...}, goog:chromeOptions: {debuggerAddress: localhost:60753}, javascriptEnabled: true, networkConnectionEnabled: false, pageLoadStrategy: normal, platform: MAC, platformName: MAC, proxy: Proxy(), setWindowRect: true, strictFileInteractability: false, timeouts: {implicit: 0, pageLoad: 300000, script: 30000}, unhandledPromptBehavior: dismiss and notify, webauthn:extension:largeBlob: true, webauthn:virtualAuthenticators: true}&#10;Session ID: 616a670c532c7f3c7dc2165be4dd7862&#10;*** Element info: {Using=link text, value=Log Out}" type="org.openqa.selenium.NoSuchElementException">org.openqa.selenium.NoSuchElementException: 
no such element: Unable to locate element: {"method":"link text","selector":"Log Out"}
  (Session info: chrome=91.0.4472.77)
For documentation on this error, please visit: http://seleniumhq.org/exceptions/no_such_element.html
Build info: version: '3.14.0', revision: 'aacccce0', time: '2018-08-02T20:19:58.91Z'
System info: host: 'INADMYDOSHI1.local', ip: 'fe80:0:0:0:101f:1e64:8124:ebce%en0', os.name: 'Mac OS X', os.arch: 'x86_64', os.version: '10.15.7', java.version: '1.8.0_261'
Driver info: org.openqa.selenium.chrome.ChromeDriver
Capabilities {acceptInsecureCerts: false, browserName: chrome, browserVersion: 91.0.4472.77, chrome: {chromedriverVersion: 91.0.4472.19 (1bf021f248676..., userDataDir: /var/folders/yx/z7hkzxmd31j...}, goog:chromeOptions: {debuggerAddress: localhost:60753}, javascriptEnabled: true, networkConnectionEnabled: false, pageLoadStrategy: normal, platform: MAC, platformName: MAC, proxy: Proxy(), setWindowRect: true, strictFileInteractability: false, timeouts: {implicit: 0, pageLoad: 300000, script: 30000}, unhandledPromptBehavior: dismiss and notify, webauthn:extension:largeBlob: true, webauthn:virtualAuthenticators: true}
Session ID: 616a670c532c7f3c7dc2165be4dd7862
*** Element info: {Using=link text, value=Log Out}
	at com.axelerant.Assignment1Test.afterTest(Assignment1Test.java:154)
</failure>
  </testcase>
  <testcase name="suiteTeardown" classname="com.axelerant.Assignment1Test" time="0">
    <skipped/>
  </testcase>
</testsuite>