<?xml version="1.0" encoding="UTF-8"?>
<!-- Generated by org.testng.reporters.JUnitXMLReporter -->
<testsuite hostname="INADMYDOSHI1.local" ignored="0" name="UITest" tests="8" failures="0" timestamp="06 Jun 2021 20:10:24 GMT" time="22.432" errors="0">
  <testcase name="loginTest" time="1.639" classname="com.axelerant.Assignment1Test"/>
  <testcase name="verifyNewAccountOpening_TC001" time="3.337" classname="com.axelerant.Assignment1Test"/>
  <testcase name="verifyNewAccountOpening_TC001" time="2.922" classname="com.axelerant.Assignment1Test"/>
  <testcase name="verifyNewlyCreatedAccountDetails_TC002" time="3.35" classname="com.axelerant.Assignment1Test"/>
  <testcase name="verifyNewlyCreatedAccountDetails_TC002" time="2.779" classname="com.axelerant.Assignment1Test"/>
  <testcase name="paymentTransferAndVerifyTransactionDetails_TC003_001" time="1.318" classname="com.axelerant.Assignment1Test"/>
  <testcase name="paymentTransferAndVerifyTransactionDetails_TC003_002" time="3.277" classname="com.axelerant.Assignment1Test"/>
  <testcase name="paymentTransferAndVerifyTransactionDetails_TC003_002" time="2.737" classname="com.axelerant.Assignment1Test"/>
</testsuite> <!-- UITest -->
